2024-05-31 18:41:53,693 [INFO] Activator:176 - 


2024-05-31 18:41:53,700 [INFO] Activator:177 - !SESSION log4j initialized
2024-05-31 18:42:01,615 [INFO] LogOutputStream:77 - [STDOUT_REDIRECT] 
2024-05-31 18:42:04,560 [INFO] ApplicationProperties:184 - Using Application install path: C:\ST\STM32CubeIDE_1.15.0\STM32CubeIDE\plugins\com.st.stm32cube.common.mx_6.11.0.202403141607
2024-05-31 18:42:04,596 [INFO] DbMcusXml:78 - Set database path to: C:\ST\STM32CubeIDE_1.15.0\STM32CubeIDE\plugins\com.st.stm32cube.common.mx_6.11.0.202403141607\\db\/mcu/
2024-05-31 18:42:04,597 [INFO] ApiDb:274 - Set plugin database path to: C:\ST\STM32CubeIDE_1.15.0\STM32CubeIDE\plugins\com.st.stm32cube.common.mx_6.11.0.202403141607\\db\/plugins/boardmanager/
2024-05-31 18:42:04,597 [WARN] ApiDb:259 - Overriding images path with different value:  => C:\ST\STM32CubeIDE_1.15.0\STM32CubeIDE\plugins\com.st.stm32cube.common.mx_6.11.0.202403141607\\db\/plugins/mcufinder/images/
2024-05-31 18:42:04,613 [INFO] ApiDb:250 - Set database path to: C:\Users\Nelson Lima\.stmcufinder\plugins\mcufinder//mcu/
2024-05-31 18:42:04,614 [INFO] DbMcusAds:125 - Set database path to: C:\Users\Nelson Lima\.stmcufinder\plugins\mcufinder//mcu/
2024-05-31 18:42:04,616 [INFO] CrossReferenceDbSqlite:203 - Set database path to: C:\Users\Nelson Lima\.stmcufinder\plugins\mcufinder//mcu/cs/
2024-05-31 18:42:04,768 [INFO] RulesReader:64 - Compatibility file has been processed (297 Rules)
2024-05-31 18:42:04,925 [INFO] DbMcusXml:78 - Set database path to: C:\ST\STM32CubeIDE_1.15.0\STM32CubeIDE\plugins\com.st.stm32cube.common.mx_6.11.0.202403141607\\db\/mcu/
2024-05-31 18:42:04,925 [INFO] ApiDb:274 - Set plugin database path to: C:\ST\STM32CubeIDE_1.15.0\STM32CubeIDE\plugins\com.st.stm32cube.common.mx_6.11.0.202403141607\\db\/plugins/boardmanager/
2024-05-31 18:42:04,926 [INFO] ApiDb:261 - Set plugin images path to: C:\ST\STM32CubeIDE_1.15.0\STM32CubeIDE\plugins\com.st.stm32cube.common.mx_6.11.0.202403141607\\db\/plugins/mcufinder/images/
2024-05-31 18:42:04,926 [WARN] DbFile:41 - Overriding database path with different value: C:\Users\Nelson Lima\.stmcufinder\plugins\mcufinder/ => C:\Users\Nelson Lima\.stmcufinder\plugins\mcufinder
2024-05-31 18:42:04,926 [INFO] ApiDb:250 - Set database path to: C:\Users\Nelson Lima\.stmcufinder\plugins\mcufinder//mcu/
2024-05-31 18:42:04,926 [WARN] DbFile:41 - Overriding database path with different value: C:\Users\Nelson Lima\.stmcufinder\plugins\mcufinder/ => C:\Users\Nelson Lima\.stmcufinder\plugins\mcufinder
2024-05-31 18:42:04,926 [INFO] DbMcusAds:125 - Set database path to: C:\Users\Nelson Lima\.stmcufinder\plugins\mcufinder//mcu/
2024-05-31 18:42:04,926 [WARN] DbFile:41 - Overriding database path with different value: C:\Users\Nelson Lima\.stmcufinder\plugins\mcufinder/ => C:\Users\Nelson Lima\.stmcufinder\plugins\mcufinder
2024-05-31 18:42:04,926 [WARN] DbFile:41 - Overriding database path with different value: C:\Users\Nelson Lima\.stmcufinder\plugins\mcufinder/ => C:\Users\Nelson Lima\.stmcufinder\plugins\mcufinder
2024-05-31 18:42:04,926 [INFO] CrossReferenceDbSqlite:203 - Set database path to: C:\Users\Nelson Lima\.stmcufinder\plugins\mcufinder//mcu/cs/
2024-05-31 18:42:05,063 [INFO] MainPanel:264 - HeapMemory: 268435456
2024-05-31 18:42:05,309 [INFO] DbMcusXml:78 - Set database path to: C:\ST\STM32CubeIDE_1.15.0\STM32CubeIDE\plugins\com.st.stm32cube.common.mx_6.11.0.202403141607\\db\/mcu/
2024-05-31 18:42:05,310 [INFO] ApiDb:274 - Set plugin database path to: C:\ST\STM32CubeIDE_1.15.0\STM32CubeIDE\plugins\com.st.stm32cube.common.mx_6.11.0.202403141607\\db\/plugins/boardmanager/
2024-05-31 18:42:05,310 [INFO] ApiDb:261 - Set plugin images path to: C:\ST\STM32CubeIDE_1.15.0\STM32CubeIDE\plugins\com.st.stm32cube.common.mx_6.11.0.202403141607\\db\/plugins/mcufinder/images/
2024-05-31 18:42:05,311 [WARN] DbFile:41 - Overriding database path with different value: C:\Users\Nelson Lima\.stmcufinder\plugins\mcufinder/ => C:\Users\Nelson Lima\.stmcufinder\plugins\mcufinder
2024-05-31 18:42:05,311 [INFO] ApiDb:250 - Set database path to: C:\Users\Nelson Lima\.stmcufinder\plugins\mcufinder//mcu/
2024-05-31 18:42:05,311 [WARN] DbFile:41 - Overriding database path with different value: C:\Users\Nelson Lima\.stmcufinder\plugins\mcufinder/ => C:\Users\Nelson Lima\.stmcufinder\plugins\mcufinder
2024-05-31 18:42:05,311 [INFO] DbMcusAds:125 - Set database path to: C:\Users\Nelson Lima\.stmcufinder\plugins\mcufinder//mcu/
2024-05-31 18:42:05,311 [WARN] DbFile:41 - Overriding database path with different value: C:\Users\Nelson Lima\.stmcufinder\plugins\mcufinder/ => C:\Users\Nelson Lima\.stmcufinder\plugins\mcufinder
2024-05-31 18:42:05,311 [WARN] DbFile:41 - Overriding database path with different value: C:\Users\Nelson Lima\.stmcufinder\plugins\mcufinder/ => C:\Users\Nelson Lima\.stmcufinder\plugins\mcufinder
2024-05-31 18:42:05,311 [INFO] CrossReferenceDbSqlite:203 - Set database path to: C:\Users\Nelson Lima\.stmcufinder\plugins\mcufinder//mcu/cs/
2024-05-31 18:42:05,339 [INFO] ApplicationProperties:184 - Using Application install path: C:\ST\STM32CubeIDE_1.15.0\STM32CubeIDE\plugins\com.st.stm32cube.common.mx_6.11.0.202403141607
2024-05-31 18:42:05,341 [INFO] PluginManage:196 - Search for loadable plugins [exclusion list=, ]
2024-05-31 18:42:05,343 [INFO] PluginManage:310 - Check plugin analytics
2024-05-31 18:42:05,668 [INFO] AnalyticsPlugin:253 - Accepted Software Licenses: 
2024-05-31 18:42:05,669 [INFO] AnalyticsPlugin:255 - Accepted CMSIS Pack Licenses: 
2024-05-31 18:42:05,669 [INFO] AnalyticsPlugin:257 - Accepted Firmware Licenses: 
2024-05-31 18:42:05,671 [INFO] PluginManage:359 - Loaded plugin analytics (category:tool,tabindex:-1)
2024-05-31 18:42:05,672 [INFO] PluginManage:310 - Check plugin cadmodel
2024-05-31 18:42:05,707 [INFO] CADModel:105 - Init CAD model plugin
2024-05-31 18:42:05,707 [INFO] PluginManage:359 - Loaded plugin cadmodel (category:power,tabindex:5)
2024-05-31 18:42:05,708 [INFO] PluginManage:310 - Check plugin clock
2024-05-31 18:42:05,746 [INFO] PluginManage:359 - Loaded plugin clock (category:base,tabindex:2)
2024-05-31 18:42:05,747 [INFO] PluginManage:310 - Check plugin ddr
2024-05-31 18:42:05,749 [INFO] PluginManage:359 - Loaded plugin ddr (category:tool,tabindex:6)
2024-05-31 18:42:05,749 [INFO] PluginManage:310 - Check plugin filemanager
2024-05-31 18:42:05,970 [INFO] PluginManage:359 - Loaded plugin filemanager (category:base,tabindex:10)
2024-05-31 18:42:05,970 [INFO] PluginManage:310 - Check plugin ipmanager
2024-05-31 18:42:05,978 [INFO] PluginManage:359 - Loaded plugin ipmanager (category:base,tabindex:5)
2024-05-31 18:42:05,978 [INFO] PluginManage:310 - Check plugin lpbam
2024-05-31 18:42:06,005 [INFO] PluginManage:359 - Loaded plugin lpbam (category:base,tabindex:0)
2024-05-31 18:42:06,005 [INFO] PluginManage:310 - Check plugin memorymap
2024-05-31 18:42:06,045 [INFO] PluginManage:359 - Loaded plugin memorymap (category:base,tabindex:4)
2024-05-31 18:42:06,045 [INFO] PluginManage:310 - Check plugin pinoutandconfiguration
2024-05-31 18:42:06,068 [INFO] PluginManage:359 - Loaded plugin pinoutandconfiguration (category:base,tabindex:1)
2024-05-31 18:42:06,069 [INFO] PluginManage:310 - Check plugin pinoutconfig
2024-05-31 18:42:06,188 [WARN] SupportedApi:132 - Cannot load RTOS API schema: s4s-elt-must-match.1: The content of 'definitions' must match (annotation?, (simpleType | complexType)?, (unique | key | keyref)*)). A problem was found starting at: attribute.
2024-05-31 18:42:06,334 [INFO] PluginManage:359 - Loaded plugin pinoutconfig (category:base,tabindex:0)
2024-05-31 18:42:06,334 [INFO] PluginManage:310 - Check plugin power
2024-05-31 18:42:06,369 [INFO] PluginManage:359 - Loaded plugin power (category:power,tabindex:4)
2024-05-31 18:42:06,369 [INFO] PluginManage:310 - Check plugin projectmanager
2024-05-31 18:42:06,392 [INFO] PluginManage:359 - Loaded plugin projectmanager (category:projectmanager,tabindex:3)
2024-05-31 18:42:06,393 [INFO] PluginManage:310 - Check plugin thirdparty
2024-05-31 18:42:06,773 [INFO] PluginManage:359 - Loaded plugin thirdparty (category:base,tabindex:-1)
2024-05-31 18:42:06,772 [WARN] IntegrityCheckThread:84 - waiting for thirdparty lock release [integrity check]
2024-05-31 18:42:06,773 [INFO] IntegrityCheckThread:86 - entering critical section [integrity check]
2024-05-31 18:42:06,773 [INFO] PluginManage:310 - Check plugin tools
2024-05-31 18:42:06,774 [INFO] ThirdPartyUpdaterWithRetryManager:70 - Updater plugin not ready yet. [1/15]
2024-05-31 18:42:06,805 [INFO] PluginManage:359 - Loaded plugin tools (category:base,tabindex:7)
2024-05-31 18:42:06,806 [INFO] PluginManage:310 - Check plugin tutovideos
2024-05-31 18:42:07,111 [INFO] PluginManage:359 - Loaded plugin tutovideos (category:base,tabindex:-1)
2024-05-31 18:42:07,111 [INFO] PluginManage:310 - Check plugin updater
2024-05-31 18:42:07,135 [INFO] PluginManage:359 - Loaded plugin updater (category:base,tabindex:12)
2024-05-31 18:42:07,135 [INFO] PluginManage:310 - Check plugin userauth
2024-05-31 18:42:07,144 [INFO] UserAuth:114 - Init User Auth plugin
2024-05-31 18:42:07,144 [INFO] PluginManage:359 - Loaded plugin userauth (category:base,tabindex:14)
2024-05-31 18:42:07,145 [INFO] PluginManage:283 - PluginManage : Loaded plugins [17]
2024-05-31 18:42:07,506 [INFO] PinOutPanel:1561 - setPackage(No Configuration,No Configuration)
2024-05-31 18:42:07,640 [INFO] CADModel:165 - CPN selected for project level
2024-05-31 18:42:07,640 [INFO] CADModel:114 - Register for checkConnection events
2024-05-31 18:42:07,675 [INFO] IPUIPlugin:80 - create IPUIPlugin
2024-05-31 18:42:07,675 [INFO] PluginManager:220 - loadIPPluginJar : add adc
2024-05-31 18:42:07,708 [INFO] IPUIPlugin:80 - create IPUIPlugin
2024-05-31 18:42:07,708 [INFO] PluginManager:220 - loadIPPluginJar : add aes
2024-05-31 18:42:07,747 [INFO] IPUIPlugin:80 - create IPUIPlugin
2024-05-31 18:42:07,747 [INFO] PluginManager:220 - loadIPPluginJar : add can
2024-05-31 18:42:07,768 [INFO] IPUIPlugin:80 - create IPUIPlugin
2024-05-31 18:42:07,768 [INFO] PluginManager:220 - loadIPPluginJar : add comp
2024-05-31 18:42:07,799 [INFO] IPUIPlugin:80 - create IPUIPlugin
2024-05-31 18:42:07,800 [INFO] PluginManager:220 - loadIPPluginJar : add cryp
2024-05-31 18:42:07,827 [INFO] IPUIPlugin:80 - create IPUIPlugin
2024-05-31 18:42:07,827 [INFO] PluginManager:220 - loadIPPluginJar : add dfsdm
2024-05-31 18:42:07,844 [INFO] IPUIPlugin:80 - create IPUIPlugin
2024-05-31 18:42:07,844 [INFO] PluginManager:220 - loadIPPluginJar : add dma
2024-05-31 18:42:07,884 [INFO] IPUIPlugin:80 - create IPUIPlugin
2024-05-31 18:42:07,884 [INFO] PluginManager:220 - loadIPPluginJar : add dma3
2024-05-31 18:42:07,927 [INFO] IPUIPlugin:80 - create IPUIPlugin
2024-05-31 18:42:07,927 [INFO] PluginManager:220 - loadIPPluginJar : add extmemmanager
2024-05-31 18:42:07,945 [INFO] IPUIPlugin:80 - create IPUIPlugin
2024-05-31 18:42:07,945 [INFO] PluginManager:220 - loadIPPluginJar : add fatfs
2024-05-31 18:42:07,990 [INFO] IPUIPlugin:80 - create IPUIPlugin
2024-05-31 18:42:07,990 [INFO] PluginManager:220 - loadIPPluginJar : add fmc
2024-05-31 18:42:08,016 [INFO] IPUIPlugin:80 - create IPUIPlugin
2024-05-31 18:42:08,016 [INFO] PluginManager:220 - loadIPPluginJar : add freertos
2024-05-31 18:42:08,035 [INFO] IPUIPlugin:80 - create IPUIPlugin
2024-05-31 18:42:08,035 [INFO] PluginManager:220 - loadIPPluginJar : add genericplugin
2024-05-31 18:42:08,124 [INFO] IPUIPlugin:80 - create IPUIPlugin
2024-05-31 18:42:08,124 [INFO] PluginManager:220 - loadIPPluginJar : add gfxmmu
2024-05-31 18:42:08,251 [INFO] IPUIPlugin:80 - create IPUIPlugin
2024-05-31 18:42:08,251 [INFO] PluginManager:220 - loadIPPluginJar : add gic
2024-05-31 18:42:08,269 [INFO] IPUIPlugin:80 - create IPUIPlugin
2024-05-31 18:42:08,269 [INFO] PluginManager:220 - loadIPPluginJar : add gpio
2024-05-31 18:42:08,358 [INFO] IPUIPlugin:80 - create IPUIPlugin
2024-05-31 18:42:08,358 [INFO] PluginManager:220 - loadIPPluginJar : add gtzc
2024-05-31 18:42:08,390 [INFO] IPUIPlugin:80 - create IPUIPlugin
2024-05-31 18:42:08,390 [INFO] PluginManager:220 - loadIPPluginJar : add hash
2024-05-31 18:42:08,438 [INFO] IPUIPlugin:80 - create IPUIPlugin
2024-05-31 18:42:08,439 [INFO] PluginManager:220 - loadIPPluginJar : add i2c
2024-05-31 18:42:08,474 [INFO] IPUIPlugin:80 - create IPUIPlugin
2024-05-31 18:42:08,474 [INFO] PluginManager:220 - loadIPPluginJar : add i2s
2024-05-31 18:42:08,512 [INFO] IPUIPlugin:80 - create IPUIPlugin
2024-05-31 18:42:08,513 [INFO] PluginManager:220 - loadIPPluginJar : add i3c
2024-05-31 18:42:08,633 [INFO] IPUIPlugin:80 - create IPUIPlugin
2024-05-31 18:42:08,633 [INFO] PluginManager:220 - loadIPPluginJar : add ipddr
2024-05-31 18:42:08,723 [INFO] IPUIPlugin:80 - create IPUIPlugin
2024-05-31 18:42:08,724 [INFO] PluginManager:220 - loadIPPluginJar : add linkedlist
2024-05-31 18:42:08,755 [INFO] IPUIPlugin:80 - create IPUIPlugin
2024-05-31 18:42:08,756 [INFO] PluginManager:220 - loadIPPluginJar : add lorawan
2024-05-31 18:42:08,793 [INFO] IPUIPlugin:80 - create IPUIPlugin
2024-05-31 18:42:08,793 [INFO] PluginManager:220 - loadIPPluginJar : add ltdc
2024-05-31 18:42:08,816 [INFO] IPUIPlugin:80 - create IPUIPlugin
2024-05-31 18:42:08,816 [INFO] PluginManager:220 - loadIPPluginJar : add mdma
2024-05-31 18:42:08,834 [INFO] IPUIPlugin:80 - create IPUIPlugin
2024-05-31 18:42:08,834 [INFO] PluginManager:220 - loadIPPluginJar : add nvic
2024-05-31 18:42:08,867 [INFO] IPUIPlugin:80 - create IPUIPlugin
2024-05-31 18:42:08,867 [INFO] PluginManager:220 - loadIPPluginJar : add opamp
2024-05-31 18:42:08,921 [INFO] IPUIPlugin:80 - create IPUIPlugin
2024-05-31 18:42:08,921 [INFO] PluginManager:220 - loadIPPluginJar : add openamp
2024-05-31 18:42:08,960 [INFO] IPUIPlugin:80 - create IPUIPlugin
2024-05-31 18:42:08,960 [INFO] PluginManager:220 - loadIPPluginJar : add pdm2pcm
2024-05-31 18:42:08,980 [INFO] IPUIPlugin:80 - create IPUIPlugin
2024-05-31 18:42:08,982 [INFO] PluginManager:220 - loadIPPluginJar : add plateformsettings
2024-05-31 18:42:09,001 [INFO] IPUIPlugin:80 - create IPUIPlugin
2024-05-31 18:42:09,001 [INFO] PluginManager:220 - loadIPPluginJar : add quadspi
2024-05-31 18:42:09,019 [INFO] IPUIPlugin:80 - create IPUIPlugin
2024-05-31 18:42:09,019 [INFO] PluginManager:220 - loadIPPluginJar : add resmgrutility
2024-05-31 18:42:09,065 [INFO] IPUIPlugin:80 - create IPUIPlugin
2024-05-31 18:42:09,065 [INFO] PluginManager:220 - loadIPPluginJar : add sai
2024-05-31 18:42:09,098 [INFO] IPUIPlugin:80 - create IPUIPlugin
2024-05-31 18:42:09,099 [INFO] PluginManager:220 - loadIPPluginJar : add spi
2024-05-31 18:42:09,165 [INFO] IPUIPlugin:80 - create IPUIPlugin
2024-05-31 18:42:09,165 [INFO] PluginManager:220 - loadIPPluginJar : add stm32_wpan
2024-05-31 18:42:09,186 [INFO] IPUIPlugin:80 - create IPUIPlugin
2024-05-31 18:42:09,186 [INFO] PluginManager:220 - loadIPPluginJar : add tim
2024-05-31 18:42:09,243 [INFO] IPUIPlugin:80 - create IPUIPlugin
2024-05-31 18:42:09,244 [INFO] PluginManager:220 - loadIPPluginJar : add touchsensing
2024-05-31 18:42:09,264 [INFO] IPUIPlugin:80 - create IPUIPlugin
2024-05-31 18:42:09,264 [INFO] PluginManager:220 - loadIPPluginJar : add tracer_emb
2024-05-31 18:42:09,285 [INFO] IPUIPlugin:80 - create IPUIPlugin
2024-05-31 18:42:09,285 [INFO] PluginManager:220 - loadIPPluginJar : add ts
2024-05-31 18:42:09,304 [INFO] IPUIPlugin:80 - create IPUIPlugin
2024-05-31 18:42:09,304 [INFO] PluginManager:220 - loadIPPluginJar : add tsc
2024-05-31 18:42:09,324 [INFO] IPUIPlugin:80 - create IPUIPlugin
2024-05-31 18:42:09,324 [INFO] PluginManager:220 - loadIPPluginJar : add ucpd
2024-05-31 18:42:09,365 [INFO] IPUIPlugin:80 - create IPUIPlugin
2024-05-31 18:42:09,365 [INFO] PluginManager:220 - loadIPPluginJar : add usart
2024-05-31 18:42:09,404 [INFO] IPUIPlugin:80 - create IPUIPlugin
2024-05-31 18:42:09,405 [INFO] PluginManager:220 - loadIPPluginJar : add usbx
2024-05-31 18:42:09,539 [INFO] CADModel:165 - CPN selected for project level
2024-05-31 18:42:09,539 [INFO] CADModel:114 - Register for checkConnection events
2024-05-31 18:42:09,539 [FATAL] Updater:308 - Updater called before beeing initialized
2024-05-31 18:42:09,539 [ERROR] CADModel:125 - Updater not yet initialized, retry later 
2024-05-31 18:42:09,750 [INFO] CADModel:165 - CPN selected for project level
2024-05-31 18:42:09,750 [INFO] CADModel:114 - Register for checkConnection events
2024-05-31 18:42:09,751 [FATAL] Updater:308 - Updater called before beeing initialized
2024-05-31 18:42:09,751 [ERROR] CADModel:125 - Updater not yet initialized, retry later 
2024-05-31 18:42:09,753 [FATAL] Updater:308 - Updater called before beeing initialized
2024-05-31 18:42:09,776 [INFO] ThirdPartyUpdaterWithRetryManager:70 - Updater plugin not ready yet. [2/15]
2024-05-31 18:42:09,875 [FATAL] Updater:308 - Updater called before beeing initialized
2024-05-31 18:42:09,885 [INFO] DbMcusAds:53 - JSON generation date=Wed Nov 29 07:52:27 BRT 2023 (1701255147349)
2024-05-31 18:42:09,886 [FATAL] Updater:308 - Updater called before beeing initialized
2024-05-31 18:42:10,017 [WARN] DetailPanel:346 - Failed to get advertising image, set to default
2024-05-31 18:42:10,104 [FATAL] Updater:308 - Updater called before beeing initialized
2024-05-31 18:42:10,108 [FATAL] Updater:308 - Updater called before beeing initialized
2024-05-31 18:42:10,108 [FATAL] Updater:308 - Updater called before beeing initialized
2024-05-31 18:42:10,108 [WARN] DetailPanel:346 - Failed to get advertising image, set to default
2024-05-31 18:42:10,109 [FATAL] Updater:308 - Updater called before beeing initialized
2024-05-31 18:42:10,182 [ERROR] Updater:1120 - MainUpdater not yet initialized. External WinMGr cannot be set.
2024-05-31 18:42:10,193 [INFO] Updater:1056 - Updater Version found : 6.11.0
2024-05-31 18:42:10,233 [INFO] ApplicationProperties:184 - Using Application install path: C:\ST\STM32CubeIDE_1.15.0\STM32CubeIDE\plugins\com.st.stm32cube.common.mx_6.11.0.202403141607
2024-05-31 18:42:14,406 [FATAL] Updater:308 - Updater called before beeing initialized
2024-05-31 18:42:14,406 [ERROR] IntegrityCheckThread:130 - Cannot retrieve database content from updater: error 21
2024-05-31 18:42:14,406 [INFO] ThirdParty:978 - Integrity check success = false
2024-05-31 18:42:14,407 [INFO] IntegrityCheckThread:100 - exiting critical section [integrity check]
2024-05-31 18:42:14,407 [INFO] IntegrityCheckThread:103 - End integrity checks thread
2024-05-31 18:42:14,409 [ERROR] LogOutputStream:75 - [STDERR_REDIRECT] May 31, 2024 6:42:14 PM java.util.prefs.WindowsPreferences <init>
2024-05-31 18:42:14,411 [ERROR] LogOutputStream:75 - [STDERR_REDIRECT] WARNING: Could not open/create prefs root node Software\JavaSoft\Prefs at root 0xffffffff80000002. Windows RegCreateKeyEx(...) returned error code 5.
2024-05-31 18:42:14,411 [ERROR] LogOutputStream:75 - [STDERR_REDIRECT] 
2024-05-31 18:42:15,290 [INFO] MainUpdater:2873 - connection check result : 10
2024-05-31 18:42:15,290 [INFO] MainUpdater:3567 - Updater definition file requires update
2024-05-31 18:42:15,291 [INFO] MainUpdater:290 - Updater Check For Update Now.
2024-05-31 18:42:15,291 [INFO] MicroXplorer:498 - Change Database Version : DB.6.0.110
2024-05-31 18:42:15,308 [INFO] McuFinderGlobals:63 - Set McuFinder mode to 2 (CubeIDE integrated)
2024-05-31 18:42:15,322 [INFO] UserAuth:415 - Internet connection configuration mode: 1
2024-05-31 18:42:15,350 [INFO] JxBrowserEngine:152 - Initiate JxBrowser Engine with user profile folder
2024-05-31 18:42:15,376 [INFO] ServerAccessManage:473 - Download File updaters.zip
2024-05-31 18:42:15,460 [INFO] FileExtend:240 - Unzip File : updaters.zip
2024-05-31 18:42:15,460 [INFO] FileExtend:255 - Standard Zip Deflate
2024-05-31 18:42:16,237 [INFO] ServerAccessManage:473 - Download File PacksControlFlags.xml
2024-05-31 18:42:16,414 [INFO] ServerAccessManage:473 - Download File cubemx.pidx
2024-05-31 18:42:17,160 [INFO] ServerAccessManage:473 - Download File STMicroelectronics.X-CUBE-ALS.pdsc
2024-05-31 18:42:18,332 [INFO] ServerAccessManage:473 - Download File STMicroelectronics.X-CUBE-FREERTOS.pdsc
2024-05-31 18:42:26,012 [INFO] ServerAccessManage:473 - Download File STMicroelectronics.X-CUBE-ALGOBUILD.pdsc
2024-05-31 18:42:27,313 [INFO] ServerAccessManage:473 - Download File wolfSSL.I-CUBE-wolfMQTT.pdsc
2024-05-31 18:42:28,403 [ERROR] ServerAccessManage:1089 - Problem, file not found on Server
2024-05-31 18:42:36,516 [INFO] WebApp:161 - Instantiating new browser for Auth
2024-05-31 18:42:37,298 [INFO] WebApp:779 - Register for checkConnection events
2024-05-31 18:42:37,298 [INFO] WebApp:414 - Apply proxy settings
2024-05-31 18:42:37,298 [INFO] WebApp:499 - Chromium requires no authentication
2024-05-31 18:42:37,308 [INFO] WebApp:442 - Direct internet connection detected
2024-05-31 18:42:37,530 [INFO] WebApp:192 - Starting web application
2024-05-31 18:42:37,530 [INFO] WebApp:544 - Web application path used C:\ST\STM32CubeIDE_1.15.0\STM32CubeIDE\plugins\com.st.stm32cube.common.mx_6.11.0.202403141607\db\plugins\mcufinder\reactClient1\index.html
2024-05-31 18:42:37,568 [INFO] ServerAccessManage:473 - Download File Cesanta.I-CUBE-Mongoose.pdsc
2024-05-31 18:42:39,570 [WARN] PackLoader:240 - Cannot read IP mode file for STMicroelectronics.X-CUBE-ALS.1.0.2
2024-05-31 18:42:39,585 [WARN] PackLoader:240 - Cannot read IP mode file for STMicroelectronics.X-CUBE-FREERTOS.1.2.0
2024-05-31 18:42:39,595 [WARN] PackLoader:240 - Cannot read IP mode file for STMicroelectronics.X-CUBE-ALGOBUILD.1.4.0
2024-05-31 18:42:39,600 [WARN] PackLoader:240 - Cannot read IP mode file for wolfSSL.I-CUBE-wolfMQTT.1.18.0
2024-05-31 18:42:39,607 [WARN] PackLoader:240 - Cannot read IP mode file for Cesanta.I-CUBE-Mongoose.7.13.0
2024-05-31 18:42:39,607 [INFO] PopulateThirdPartyThread:66 - Ending populate Thread
2024-05-31 18:42:39,610 [INFO] ThirdParty:1030 - CMSIS Pack Vendor :wolfSSL I-CUBE-wolfMQTT 1.18.0
2024-05-31 18:42:39,611 [INFO] ThirdParty:1030 - CMSIS Pack Vendor :STMicroelectronics X-CUBE-ALS 1.0.2
2024-05-31 18:42:39,611 [INFO] ThirdParty:1030 - CMSIS Pack Vendor :STMicroelectronics X-CUBE-FREERTOS 1.2.0
2024-05-31 18:42:39,611 [INFO] ThirdParty:1030 - CMSIS Pack Vendor :Cesanta I-CUBE-Mongoose 7.13.0
2024-05-31 18:42:39,611 [INFO] ThirdParty:1030 - CMSIS Pack Vendor :STMicroelectronics X-CUBE-ALGOBUILD 1.4.0
2024-05-31 18:42:39,611 [INFO] LoadServerUpdatesThread:375 - End of LoadServerUpdate Thread
2024-05-31 18:42:39,681 [INFO] CheckServerUpdateThread:120 - End of CheckServer Thread
